-------------------------------------------------------------------------------
Test set: com.service.auth.ApiApplicationTests
-------------------------------------------------------------------------------
Tests run: 1, Failures: 0, Errors: 1, Skipped: 0, Time elapsed: 2.436 s <<< FAILURE! - in com.service.auth.ApiApplicationTests
contextLoads  Time elapsed: 0.005 s  <<< ERROR!
java.lang.IllegalStateException: Failed to load ApplicationContext
Caused by: org.springframework.beans.factory.UnsatisfiedDependencyException: Error creating bean with name 'authController' defined in file [C:\workspace\project\da\be\auth-service\target\classes\com\service\auth\controllers\AuthController.class]: Unsatisfied dependency expressed through constructor parameter 0; nested exception is org.springframework.beans.factory.UnsatisfiedDependencyException: Error creating bean with name 'userServiceImpl' defined in file [C:\workspace\project\da\be\auth-service\target\classes\com\service\auth\services\impl\UserServiceImpl.class]: Unsatisfied dependency expressed through constructor parameter 5; nested exception is org.springframework.beans.factory.BeanCreationException: Error creating bean with name 'mailServiceImpl': Injection of autowired dependencies failed; nested exception is java.lang.IllegalArgumentException: Could not resolve placeholder 'mailgun.api.key' in value "${mailgun.api.key}"
Caused by: org.springframework.beans.factory.UnsatisfiedDependencyException: Error creating bean with name 'userServiceImpl' defined in file [C:\workspace\project\da\be\auth-service\target\classes\com\service\auth\services\impl\UserServiceImpl.class]: Unsatisfied dependency expressed through constructor parameter 5; nested exception is org.springframework.beans.factory.BeanCreationException: Error creating bean with name 'mailServiceImpl': Injection of autowired dependencies failed; nested exception is java.lang.IllegalArgumentException: Could not resolve placeholder 'mailgun.api.key' in value "${mailgun.api.key}"
Caused by: org.springframework.beans.factory.BeanCreationException: Error creating bean with name 'mailServiceImpl': Injection of autowired dependencies failed; nested exception is java.lang.IllegalArgumentException: Could not resolve placeholder 'mailgun.api.key' in value "${mailgun.api.key}"
Caused by: java.lang.IllegalArgumentException: Could not resolve placeholder 'mailgun.api.key' in value "${mailgun.api.key}"

